<?xml version="1.0" encoding="UTF-8"?>
<!-- Generated by org.testng.reporters.JUnitReportReporter -->
<testsuite skipped="0" hostname="kannan" name="testngprojects.testngproject.TestngFacebook" tests="1" failures="0" timestamp="11 Feb 2020 10:46:42 GMT" time="0.017" errors="0">
  <testcase name="setUp" time="0.017" classname="testngprojects.testngproject.TestngFacebook"/>
</testsuite> <!-- testngprojects.testngproject.TestngFacebook -->
